<?xml version="1.0" encoding="UTF-8"?>
<!-- Generated by org.testng.reporters.JUnitReportReporter -->
<testsuite hostname="DESKTOP-ABGDD58" failures="0" tests="1" name="script.Demo4" time="0.002" errors="0" timestamp="2024-10-17T12:39:11 IST" skipped="0">
  <testcase classname="script.Demo4" name="createUser" time="0.002"/>
</testsuite> <!-- script.Demo4 -->
