<?xml version="1.0" encoding="UTF-8"?>
<!-- Generated by org.testng.reporters.JUnitReportReporter -->
<testsuite hostname="DESKTOP-ABGDD58" failures="0" tests="2" name="script.DemoX" time="0.006" errors="0" timestamp="2024-10-18T11:26:35 IST" skipped="0">
  <testcase classname="script.DemoX" name="createUser" time="0.003"/>
  <testcase classname="script.DemoX" name="deleteUser" time="0.003"/>
</testsuite> <!-- script.DemoX -->
